============================= test session starts ==============================
platform darwin -- Python 3.10.11, pytest-7.3.1, pluggy-1.2.0
rootdir: /Users/ivorzagorac/Documents/University/MSc Computer Science/Release Engineering for ML/Project/model-training
plugins: cov-4.1.0, dvc-3.2.2, hydra-core-1.3.2
collected 6 items

tests/test_data_slice.py .                                               [ 16%]
tests/test_feature_and_data.py .                                         [ 33%]
tests/test_infrastructure.py .                                           [ 50%]
tests/test_model_development.py .                                        [ 66%]
tests/test_monitoring.py .                                               [ 83%]
tests/test_training_model.py .                                           [100%]

- generated xml file: /Users/ivorzagorac/Documents/University/MSc Computer Science/Release Engineering for ML/Project/model-training/tests/coverage/pytest.xml -

--------- coverage: platform darwin, python 3.10.11-final-0 ----------
Coverage XML written to file tests/coverage/coverage.xml

============================== 6 passed in 2.66s ===============================
