<?xml version="1.0" encoding="utf-8"?><testsuites><testsuite name="pytest" errors="0" failures="0" skipped="0" tests="6" time="2.665" timestamp="2023-06-27T23:05:43.624461" hostname="Ivors-MacBook-Pro.local"><testcase classname="tests.test_data_slice" name="test_data_slices" time="0.158" /><testcase classname="tests.test_feature_and_data" name="test_memory_usage" time="0.004" /><testcase classname="tests.test_infrastructure" name="test_pipeline_integration" time="0.180" /><testcase classname="tests.test_model_development" name="test_against_baseline" time="0.201" /><testcase classname="tests.test_monitoring" name="test_training_time" time="0.011" /><testcase classname="tests.test_training_model" name="test_model_robustness" time="0.544" /></testsuite></testsuites>